Jesse Smith
2327584
CPSC 350 Assignment 1

The sum of the length of the DNA sequences is: 32
The mean is: 6.4
The standard deviation is: 0.8
The variance is: 0.64

The probabilities for each nucleotide is as follows:
A 0.25
C 0.25
T 0.25
G 0.25

The probabilities for each bigram is as follows:
AA 0.0625
CC 0.0625
GG 0.0625
TT 0.0625
AC 0.0625
AT 0.0625
AG 0.0625
CA 0.0625
CT 0.0625
CG 0.0625
TA 0.0625
TC 0.0625
TG 0.0625
GA 0.0625
GC 0.0625
GT 0.0625

1000 randomly generated strings with the same mean and variance as calculated above:
GGGACG CTCTG TATAAA CAAGAT CTTCGC GCGCC AGTAAT AACAAG CTCGTT CGGTCTT ACGGC CTGTTGC GTGCAG GTCTCG AACTC AACGGGT CCATAA GATAGA AGTTGT ATAAAC GAAGA GAGAAG ACGGCT TATGC GTTATG GGTGGT GGATAT CCAAT TGCTT TGCC ACTGA CCTAT TTTC TTCTA TCTACG ACTTTC CAGAGC GGGTA GGGGA CGGGC CGCCGC TTATCG ACAACC TGGCCC CAAAT CACGTC CAGTTA GCACT CGACAGG GTACGTA AACCTGA CGTCATTT CGCAT TAGAA CAGCCG TACGTG ATATGT CCACT ACCC TTGTGT ATGTT CTGTA TATTTAAC GACTG GAATGT CTGTTG TGCTGGG GGCGT GGCTCA GTCTTT TATTGT TAGC ACACA GTCCG TTAATGTC GGGGCTA CGGACGG GGCCTT CCTGAT CATTTT TAAC TGGGACCG ACGCGTC AGTTGAC TAAAGA CTGATAC CAGTA GGCG ATTC CAGGTT GCGATA AATAGGA CTATCG TTACTT CATCCTTC CAGCTA TCTTGC TGTTGGT AAACC TCAACG ATTAGGAC ATTTGA ACAGAT GGAGGC CTCTA ATAGT TCGGA CACA ATACA TGGAAT ACTTTTC GAGCC CTGGGTT TTTAG AAGGTA AGACCA GATGG TTGAT GGATTG AGAACC ACGTA CCCCTA GTCCCA CATCC ACAAGCG AAGGAG TTCGGTC ATCCTCT TACAT TACTCC GGGTCACC GCACAT GAGCCC GGAAAG CAAGTA CTGTA AGCCCG GGAGGA TAACTC TCGCTT TCAGCG GCATCA AGATAG CTAGAA TCGGCGA CGTCTT TATTT ATTCGAC AAAAC GAAAT AATGG TCACG CACCCC TGTTGG CTTGT GCTAGTG ATATAG GAAGG AAAATT GGTTC AGGCCG CGGTTGA CACATCTT CTACT GAAAAT AGGCGATG CGCAA TGGCTA CTAGTAA CACGGTC GCTTT TGATA TAGCAATC TATATA CCAAG GTCGTC CATCT CTAAGGA CACTG TCTTGA CCCGA CGGTTT GGACTA GTCTTT ACCGTT CTTAAAC CCTTTCCA GCAGCC GGAGA CTTTG AATTCAG TTCTGG GCCGTG TGTCCTT CGTAA GCCGAA TCTCCGC GCATGT TGAGGAT CAGCG TGACAA CCTAGGA CCTCGT TGGTC AGTAGG AAAAGAT GAGGG CGAACG TGTCG AGTAGG CGTAG AGGCGCA GACCG GATAGCA GAGTTG GACAAC TACCCA GTTCT CAGATGGG CAATAA CTTTAC GGCGGG GTTTTTT TTGGGA GATAT CTACTAA GATCGTC ACACTG CCAG TCGAT TGTACC GATAC AACTCC AAAGAG CTCTGG TTAGG GAACCT TGCCAA TTAACG TAGTGG GCCAGA ACGA AAGAAC AGTGT GCCCG ATGAA TACTGT GTATAA TACATAC AGCAGT ACGTAG AAGACG AGAACA ATTAA CGGAAGT GTCATA AAGTCA TTTG AGTAA GTTTGT TGAGTTAT CCCATG TCTAA TGCCA GCTTAGC TCTGGT CCACCT TAATTA GAATCAA GGCCG AGACCG ATTTTAT TATGAG TCCTCAT ATATTA TGCCCTA GTAATG CGAGGCA TATGC TTAAGT CTTGC TGATGCG TTGCAAA CGTGCC GATGAAG TTGATCG GTGTTC CACTAC AGGGGG TTAGC CATGTG ACATTT GCATCG CGGCCCA TTATG CACGTG AAAT CCC GGGCCC GGCTAC AGATACTT ATTTCCC GTTCT CTACTC GCGTA CGAGC TACCT ACATTTA GGCTCT GGAGCT TTACCAC GCAAC CCTTGT CGTGTA TGTAAA ACTAG ATTTTAC CACGC GGGAGG GCGGAC ACGGTC TTCTGCT CGCAGT TGAAGCCC GTCGAGC TCCGGC AGAATAC TAAGAG GTCAC TTGCGGC CATCCCCA GTTAA TTGGC AACAC GTTCAAG CGCGG TAGTGA CATTT TGCAG GAAGCA CCAAGG CGAACGC ACCGG ACTCCTC CGACAAT GCAACT GATAGG CGATC CCCCTAC TAGGTA ACCAC TTGAAA TCGAC CGGAGTC CACCCCA AAACCCGG CTATTAG AACTC GAAGAC TTTTCGT TCATA AATGCC CGATAC GACAAG CAGACT GTCA TTGTAAAT GCAGAA CTTTCG TCCTCG TCCTG GGGTAA CACGTC GCATTAG ACCAGA ATGCGT GTTCTT TGTGTTT ATAACGC TGACAA CCCTCA GACCTTC TTCAT CAGTC GCTTTT TAAG CGAAT CTGGGTC TAGCG GATGATT TTACAAT CTTTGA ATGTTTT TGAAG GAAAGG TTGTGA TCTCAAT CGGATG GGGGGG GACGT AGGAG TTCCT TACTG GTATG CTATC CAAGG TGTAAG ATGGTT AATATAG GCAGA AATAAC GGGTTCT ATACC CTGAG GCGGC TCACGTG CTTCAAT CCGAT ACGTTAA CGTCCTTA ATGGAAA GACGCC CTACAAA GATAC ATTCTT TCTAT ATCTGC GCCCTG GTGCCT CCCCATT GGACTC GTGTGAC GGTGGGC TGAGA ACTCTGAA GTACGG GACCC CGGCAG CGGCA GATGCCG TGAGCG GTAGTT TCCTTAC CAAAGG GGAGTG AGAGCA CAACT AGAATA AGTAT ATGACAA TGGGCT TCTA TCGATC TACGT AATAATT ACAGTC GCCTGG ACCTTC AGTTTC GCCCG GCTCAT GTGCC GCATAT CGGT TTTGCA CCGACC TCGTA ACGAAC GGTGCTT ACCCTT AGGAGC AACCCC AATGG ACACGGCG TGAGAC TCGAGA GAAGAAA GAAGA ACCAT CGCTG GAGAAG AGGCGGC CTTTAG GTATA CTTCT TTCGC TCGAG GGGGC TGGGCC ATTGATC GGTAGAC CCCAGGG CAACCG ATTCCT TAAATAT GATGG ATTCTT AAACG CCTTA CCGCGG GAGTTC GACATC GTGCTTT TCTCTG GGCAAT AAGTT AGTTCC GAGCTG TTGGG AGCACG GACTC TTCTA GCAT CGCCTTC TTTTGC TGAAC GGTACGA CACAT AGAGT AAACCCC AGCTG CGCGGG AGTA AGAAACT ATGCAT ATTGTC CGTCCT TGTAC TTGGGCTA TAGAG GTACAG TAAAAA GTTACG TTTTTT ATTCC ACAATA ACCAT CTCAC GCGCGA CTTTGC GGGCAT GAAGCA CCCATA GGTTCCC CTCGG GCGCCCC GGCAAC ATTTAG CCCCTC ATCTAGC GAACACC AGGACA TAAGACT TCCTCCG GTATT CCATGA CAATGTT GAACGTG ACGCAC GTCATT CAAGC TCACGAA TATTCC ACCTA CGCCCT GCCGCCA ACTTGT ACTAAG CGCGGCG TTAGCA GTGCTGTA CTACAG GCGAAT CACCAA TTGAGTGA TAGTATGG CCCGTT GAGCGT ACGCCT CTGCCT ATTGCGT CTGACTC TGCAAT GAGCAG GCTCTTG GTCAC CCGTATT TCGCCGA TTACA GCCACC CAGGGG CGGTTA TACAAC TTGGACT TCCTA GTCTTG GAAATC AGAACG CGCGGAT ATAACC TAAAGC CCAAGAC CTTAT ACCCTC CACCTT ACGACCG CTAAGCAA GGTAA CCGCAG ACTGCC CCTGCGC AGGCT AAACAA CAGTTAT AGGA GCGTTCG GTGAT GCATGAA CTTCGG TGGATA GCTCT GTGTGG ACATA CTTCTCT CTCTAG TGGCTC GACAAA GTCAAT AACCA TAAGT CCATCAG TCCTTG ATTCTG GGACTA ATACCG CTTATAC GCCTAC TGTTTTT GTTAT CATTCC TTAGG CCTAGAT TGCGTC CATGTGA CGCTG TGGTCA GGGTCCT ATAGG ACTGC GCGTGG GATCCAG AGGGTA CGTTCC AATACC GCGA GCGTCTG ATGGAA CTCCGT TGCGC GAAAT AACGAC CCAT CCTACA CTTTTG TCGAAA TGTGTT AGACGAC GGCGC TATG CTCGT GGTTG GCTT GCAGG TTGGGT CACAGAG AGTGCG ATAACA GCATTA TATTGTG CAGA CTACGA ACAGAC GGTCGC GTCTGAT GTTAC GGGAAG GGTTAGGG TAAAAGA AAACA CAACAG TCCCA GGTGG TGAGGCA CGGGAG CCAGT CTGCTC CTCAAC GGGGGTGT TTATGT GTCCGTA CTGCTGA TCCTTA TACGAA TCGGC ATCTCC ACTTGG CAGCAA GGCTC TTAAAT TCGAC AAAACA TAAGTTG TCCGGTA GGCTGTG CCGCG TTGT CTCATGAA GCGGGT GCTCAT CTTCTG ATGATG ACTAGT GCAAAG CCGACG CATAA CACCAG GTAGGAT AGTC GAACAA CTCGTAA GGATGT GGACT TACGAGTC CAACGCA TGACCG AGCCC ATTGAG AGGGA TTTTAG CTAGA GGACT CGTCT TAACG TAAGG GGATTC TTTCA TTGGTA GACGAA AGATTTGG TTTT ATATGT GACACC CCAAA ATTGACTT TAACGT GCTCTG AAAAAC CGAACTC CCGATG TTGCCAT TTTATA ACCTCCA ACAACT ACCTGT CCAC TTCAATA CCGTGC CTCGCAG CAGTAT TCAGC TTGCAA GGACG CCCCA CGTGAC GGGTAGG GCCACT AGAACGC CCATT CCCACA TTCGCTG ACGAG CTTG ACGTT GCCTTC ACGATT GTGTC TAACTT TGGAC TACTCACT CGTTTC CTCAA ATTCT GATAAG AAGGGC GTTCTGA TGCATCA CGGAGA GAAGAA CATCAT GATACCAT TCAGAGA AACATCT AGTAAA TCAG CCGCCG ATGACC GAATAC GCTAAG CTGTC TAGTCAT TGCTCAG TATCA TGCACC CCGCG CATACG CTGGA GTACTC TATCCC GACGTA CGACAA TCCCTCT CGGTT TGCCA CCTTC CTCGGA CTGAT CATATG CTTACA CTTCTT AAAAGG GTCCCTT AGTCGG CAGAT GCCTACG CCCGGA AGCGTCC AAAC TTCTGC TGATGC CTTCAG AGCAAT CCTATA AAGGTT ACACCG TATGG AAACG AATG CAATT GCGCGAA TAAGCTT TTGTGAA TTGGCA GTTTTC AACGTC AAACAA TCTGCC ACGTG GGGGC TCCGTT CTTATA CTTCCC CGTACGC TGAAG TGTAG CGGGAA CGGCCG ATCCT CGCAG AGAGTC TCTCG TCCATT ACGTCT GGGGT CGCGACG AGCGCCG TCACC CTAGGA TAGAG AGTGCGT CCTG ACGCCT AATAC CTAGCC TCTAGT TCGATTT GGGACGT TCTTTA AGGAAT GATTCCT GCCCC GGTCGTG TCCC AGATC CGGGAC TGAAC CCAGTT ACCAA CACCG GGAGA CATTAT GTGCGGC TTGGT CAGCA CAAA AACTA AAATG GCTTGG ACGTCG TTGACA AGATGA TTCCTT ACCTCG TCGGCGG AGTCGC GCACAG AGGGA TGTGTT TCGGA GAAGTAT GGTTAT CGTAC AACACG AAATCT TCTATCC CGTTT GTTAC CGCAAG CAGTTA GTGTATG CTTGAG AAAAGCT CTCTCC GATGAAA GTTAT TTAGC TTTAAA ACGGCG TGTAGC ACTAGT CGTCG GGCTC AACGA GTACCAA TAAATA GTCTGTA CGGTAG ATCCTT GACGGC TCCCC GTACTG ACATGG TTATCC GTTCGAC TACCGA AGCGC AAGT TTGAGG TGGTA ATACT ATTAGT GCAGC TAATAG TAGTCC CGAT CCGTCT CTCCCT GGATCT ATCC ACTAAG CAGTCA CATTTG TCCGTT GGGGGTA GGAAA ATAGTC TAAATCA GCGTTAC CTGCAA GCTTTC CCGTG CGAGGC GGTCAG GTACC GGTTCC TTGCCC CTGTGG TTCAAT CGTGAAT TAAAGC CACAA GGGGTA GAGGCCT GAATTTAG GTCTT CGTAA GCTCA GGCCCG TCCCTG CCGGCG TGTGAC 

The sum of the length of the DNA sequences is: 20
The mean is: 5
The standard deviation is: 1
The variance is: 1

The probabilities for each nucleotide is as follows:
A 0.3
C 0.4
T 0.3
G 0.4

The probabilities for each bigram is as follows:
AA 0.3
CC 0.4
GG 0
TT 0.3
AC 0
AT 0
AG 0
CA 0
CT 0
CG 0
TA 0
TC 0
TG 0
GA 0
GC 0
GT 0

1000 randomly generated strings with the same mean and variance as calculated above:
ATCTCA CCCTC TTTTA AAAC TCAAA TCAATC TACT CTTT ACCAC TATT TCTCTC ACTCAT TCACTC TCACC CCC AC ACCAA TCACA TCTT ACTC AACTCCA CTTCC CTTC CACCCC CCC ATCA TCAAC ATACT ACTC TAAT CTAAC TCT ACCCA CCTTAC CCCTA AAACAC TTCAC CTTC TCAAT TCTAC CCCCCC TCTA CAC CCC CTC CCA CCACA TAACC CTCAAA TAAC CTAA CCAC TTTA TCCA CCCC TCAAT CATT TCATA CCTT CATC TCACAC CTTT TCCC CTTCAA CTTCAT CTTA TAAC ATCT ACCCC CACCA TTACC CCCTCAC CCCTT ACTC CTTAT ACAC CCCTA CTACCA TCCC CAA CCTCT CTACAC TTACAA CAAA CTCTC TAATC TTTTC TA CTC TTAC CCCT AAAAA CACCA TTCAAAA ATA ACCA CCCC TTT CACTC CAACCC AC AACT CCCA TTCCA TAC CCAC TATCT ATCCCC ACCC CTCCCC CACT CCTTCCA CCAACCAC ACCTA ATA TTTCAA AACCA CTCTT CACT ACAT CCACCC ATACC ACTCA ACAAAC CTT CATCC CAAC CTATTA CCCTTA TCCACT CACTT ATTA ATCCC CTCC CTTAAC AAC ACCT TTA TTAC CAC CTCTTC TCTA TCAAT TCCATT CACA TATA TAAT ATAC TAATA CCTCA ACCAT TATCAC ACCC CTTT ACA CTC TACCCC AACTCAC ATACT CAAC CCAT CACC CTATTA CCCT ACCTCT CACTCA AACA CTTT CTCC CTCT ACACC TTCTT TCAA ACCC CCCATT ACCAA AAA TCTT ACCACT ACTT ATAATC CCTCAC TCA CAC TTAA TACT TACC ATTA CTCCA ACTAC CTTTCT CTACCA TACCC ATAAA ATC TTC CTAA TTTC CACAA CACC TCC TTTAT TTCCA AAACT ATCCCC ATTAT TTTTA TAAACC CACTC CA TCAT CCTTT TTACC TCTTT CTTT ATTAC CTTATC ACCTC CAAA ATAAT ATCC TCAA CAAAC CTTC CCCACT CATAT TACCC CCAA CCAAAC ATT CTAAA CCCAT TCC AAACC CCTCCC CCTT ATACA TTCTT CACT CCCCA TTTAAC TAC ACTTT CATCCA ACAAC CCAAC AAC ACACTC TACA CCCCTT TCACCCT ACT ACCA ACACT CCTCAC ACCA TTTA CTAT AC CAAC ACTA CTTA ACAT CAT CACCA CACCCCT CTCAT CACA TAT CCT TTCAAA CTTTC ATTAC CAAACC ATCCA ATCTC CCC TCCT TCCACC TACC CCC TACCC AATCA CAAT TTTC TCAC TCCCCC CTTA ATAT CACCCA TACT ATCCC CAAC TAAATA TTAC ACTTC CAAT AACA CATCTA AACA TATCCA TCTA ATCC ATC CTAT CATA AATCAA ACCTC CATAT CCCAT CCCC CCCCC CACCC CCTTT TAT CCT CACAT CCCTA TCCCAT TTCAA TTTAAT CC AAATTCCC CACA CCTC CCC TAATA AACCCC CCATACA CCTAT TCCT TCC ATAAC ATTC AATAT TCT CCCTTT TAT ACCC CACT C AATCC CCC TTTA CCAA CTC ATCCT CCATA TATAAA CTTTA AACAC CCCTT AACAA CCAA TCTACTC ACCCT AAC CCCA AATA TATTT TTCCTT TCACAT TCCAC TCCC TCAC ACTA CTCAT CTCAC AAACC CCCC ATCCA CCCCT TTTTTT CATAC ACT ACCTT CTCCT CAAT TATA CCAC TCATC ATTAA AACCT TCCAA TTCTA CTC CATCT CCC ACAC CCAT CCT TATT TATCTA CTC TCAA CTTCC CTATA TCTATAC CCCTC CAACC TATTT TTCTT CATACC AACCCAT CACCA TCTT TTCTA ATCC TCTCAC TTCAT CAACA ACCA CCCA TTCCT CCA TAT ACCC CCAA TAAT CTCTC TCCCT CACTT TAC CCTACC ACCCAAC CTCCA CTAT TTA TTATA CTC CCC CCAACC ACTCA TAATC CACT CATTC ACTTCCT CACT CTT CTTAA ACAAC CACAA ACCAT CTTTTTA CTAC ATAC CAAC CCTCA ACCA CACAAA ACCCT AACT CCAA CCT ATCCT AATT CACT CCCCCTT TCC TCCC CTAC CACC ACCTA CACAA CCCCT ACTT CCTC ACACC TCCT AACAA CCAC TTCCTCA CCCACATT ACAATCCA CCTAA TTTTA CTAC CTCC TTT AATAC CAAAC TCCA CCCTCA TCCA ACTC CTTAA TCATA AATT CATC TCCCT CACA TACT TACTT AAT CCCAA TCTT CCCCA AAC TAC CCCAC TCTC TAT ATT ACCATT CACCC ACTCTA ATCCC CCCTCC CACT TATC AA CTCTC AACAT ACACCCA TCTCC TCAA TCCA TATTC TACA CTCA TCAAACT ACAT TACAA ATTC TTCT TTA CAAC CTTA ACATA CCCA CCTCCA ATC ACCA CCC ACTTC TTCCA TTCAC ACCT ATTCAA CCCCC CTTCCC CTCAA ACC CTTA TTT CTCTC CCTT ACACT AAACCC CAA TCAT CTCC TCA ATCA TCCACC CCAAC CAAC ATTCT ATATA CATCC TACC CCCT CTAAT AAACAC ACCTA CCTAT ACCTCCT TTTC CA CCTAC CTA CTAA AACAA ACA TTTT ACTT TATTC CAAC ACTA TCTCA TTTCAC CTAAAC CCTAC CAA CTCA CTAA TAT AAC CAAAT CTCACC ATAATTAA TTCA CCCC CCA TCTTCT TCTA TACACT AAACTT CCCCA ACAT ACTATT CCCC CCTAA TCC TAC CTCC AATC CATT ACTAT CACAC CAAT AATA ACCA CTCC CCACTA AAACC CCCTT AATTT ACTC ACACT CTAC TCA ACC T AAT ACCC CTCC TACACA CCACT ACCC CCACT CAACACC ACCCC CCCA TTCCAAC TCAATT CTTA TTT TCC ACTA ACTCT CATAT ATCA TTCTAC CTATCT CC AACA ACCC AAAC CCCT CACACC TAATC ATTC TCTAAA CCCCA CCAC AAT CCTCC CTACC TTCACT ATCCA CCTT ATC TAAT CTAATT TACTC ATAC ACTT TAATTA TTTACA CCTT ACACA CTACA CA TACC TTCCCA CCAT ACATC TCT TCTA TACCA TCACT ACTCT AT CACT CTCAA ATCCC TCAC TCAC TCCC AAACCC TAAC TCCTT TTAT AATA ATCCAT TTTT ACC CCTA AA CCT CTACT TT TCCCA AATCC TTCCACT CTCT TTCA ACCAC TCCT ACCACC TCA ATCCT CTCTCC CTACC TAAC CCTC TCCTT TTA CAAACA CACCT CCTT CCAT TAATTAT ATTC ACCC AACCCA ATAC ACTAAT CTCCC CTACC CCCTC TCCA CCCCT ATTAC AATAT TTCAT TCTATC TCTC TTAAAA CATCTA AATTCT CACCC CCTT ACCCC CACCC ATCA TTA TAAC CACAC ACCC TAC TTA TTTTTC ATAAC CAA CTCA TTACC CTATC CTATC CCCT CCAACT CCTT TTTTAT CTCTCT TACTA CCTA ACTACT AACAT CACA ACTTAC TCCCC ATTA CT AACCA TCCT ACCCT CATCCA TTTAAC TAAA ACACA CAAC AATA TTTAC TCCCCC AACC TACC ACCA TCA TCA CATCCC TTACACC TCCCCT CCCCC TACACC CCA CAACT ACCATT CTC AACCCAA CTCTA CA CTTAC ACT TTCC ATAA ATCTT CAC CACA TTCC TCATT ACTT CTATCC TCCC TTTA ACCT CTCT TTTAA ACCCAA ACCTCT TTA ACATC CTTTC TCTT CATCC AAAC CAA TCTCTA CCCA CCCTC TTAAC CAAAC CTCAC CTTC CTAC CTCCA AC AAACA TTCTC TTCAC CAAC TC CCAATC ATCCCT ACT CCATC AATCT CCACC ACTCT CCTAT CTTCTTA AAAAT TTATA TTAT TTCCT TTAC TTAT CATTA TTCC CAAC ATTTC CCCC CTTTC CAA TAT CATCTCT CACCA TTCCCT ATCA ACTT CTCC ATCA TCCCC CTCTC TTTTCAC AACT TTTCA ACCTTA ACCTC TATTC TCCT TCCAT CACCCAA ACC CTT CCCCC TCTACC TCATAC TC CTAAA TAAT TACACC CTAAT CCATC TACTC CCCC AC AACAT ACCAATT CTCCC TAACC CCTT TTACA TTC CATT CATT CATC ACCC CT CAT CCCC ATAC CCTTT ATTT ATCA TACAT TCTTC CAC TTA CTAA ACTTC TCACC AACT CAAACT TTTAC TCTTC TTTA ACCT TCCT TAT CTCC CTCA ACTCT CTCTC CTAC CTAAC CTTAA CATTC CCAA ACAAT ATTA ACTCCC ATA CCCA CTTC CCACT ATAT CCC ATTCA TAAA CCAAC CTTC TCT AACCC ATAAT CCC CC ACCTAC CCCATC CCACCC AATCTA TATTC ACCACA TTCA ACCCCT CT TACA CTT ACCTTT ATCCAA TCACA ACATA AACCACCC CCT CCCTT ATCCAA ATCC ATA CTC TTCTC TCAAT ACTCAA AACCT AATACC CCCCT TCCCT ATTC ATAC CTCATT CCTC TTC CCA CATTC TTCAT CTCCAT CACAC CCTC ACCT ACAAT ATAT 

